<?xml version="1.0" encoding="UTF-8"?>
<testsuite xmlns:xsi="http://www.w3.org/2001/XMLSchema-instance" xsi:noNamespaceSchemaLocation="https://maven.apache.org/surefire/maven-surefire-plugin/xsd/surefire-test-report.xsd" version="3.0.2" name="com.oasis.exam.QuestionRepositoryTest" time="0.011" tests="3" errors="0" skipped="0" failures="0">
  <properties>
[...]
</properties>
  <testcase name="testOutOfBoundsIndexThrowsException" classname="com.oasis.exam.QuestionRepositoryTest" time="0.007"/>
  <testcase name="testGetQuestionByIndex" classname="com.oasis.exam.QuestionRepositoryTest" time="0.003"/>
  <testcase name="testQuestionBankInitialization" classname="com.oasis.exam.QuestionRepositoryTest" time="0.0"/>
</testsuite>